7/14/2024, 1:01:46 PM
ENOENT: no such file or directory, stat 'C:\john bryce\Projects\3Project\Vacations-Project - 13-7\Backend\src\1-assets\images\destinations\2'
Stack: Error: ENOENT: no such file or directory, stat 'C:\john bryce\Projects\3Project\Vacations-Project - 13-7\Backend\src\1-assets\images\destinations\2'
-----------------------------------------
7/14/2024, 1:01:51 PM
ENOENT: no such file or directory, stat 'C:\john bryce\Projects\3Project\Vacations-Project - 13-7\Backend\src\1-assets\images\destinations\2'
Stack: Error: ENOENT: no such file or directory, stat 'C:\john bryce\Projects\3Project\Vacations-Project - 13-7\Backend\src\1-assets\images\destinations\2'
-----------------------------------------
7/14/2024, 1:02:07 PM
ENOENT: no such file or directory, stat 'C:\john bryce\Projects\3Project\Vacations-Project - 13-7\Backend\src\1-assets\images\destinations\2'
Stack: Error: ENOENT: no such file or directory, stat 'C:\john bryce\Projects\3Project\Vacations-Project - 13-7\Backend\src\1-assets\images\destinations\2'
-----------------------------------------
7/14/2024, 1:02:12 PM
ENOENT: no such file or directory, stat 'C:\john bryce\Projects\3Project\Vacations-Project - 13-7\Backend\src\1-assets\images\destinations\2'
Stack: Error: ENOENT: no such file or directory, stat 'C:\john bryce\Projects\3Project\Vacations-Project - 13-7\Backend\src\1-assets\images\destinations\2'
-----------------------------------------
7/14/2024, 1:03:22 PM
ENOENT: no such file or directory, stat 'C:\john bryce\Projects\3Project\Vacations-Project - 13-7\Backend\src\1-assets\images\destinations\2'
Stack: Error: ENOENT: no such file or directory, stat 'C:\john bryce\Projects\3Project\Vacations-Project - 13-7\Backend\src\1-assets\images\destinations\2'
-----------------------------------------
7/14/2024, 6:52:29 PM
Please login
-----------------------------------------
7/14/2024, 9:55:57 PM
You're not authorized!
-----------------------------------------
7/14/2024, 9:56:01 PM
Incorrect username or password.
-----------------------------------------
7/15/2024, 9:25:10 AM
You're not an admin!
-----------------------------------------
7/15/2024, 9:25:32 AM
You're not an admin!
-----------------------------------------
7/15/2024, 9:26:06 AM
id 2 not found
-----------------------------------------
7/15/2024, 9:38:43 AM
id 2 not found
-----------------------------------------
7/15/2024, 9:38:59 AM
id 2 not found
-----------------------------------------
7/15/2024, 9:38:59 AM
id 2 not found
-----------------------------------------
7/15/2024, 9:38:59 AM
id 2 not found
-----------------------------------------
7/15/2024, 9:39:19 AM
id 2 not found
-----------------------------------------
7/15/2024, 9:40:37 AM
id 2 not found
-----------------------------------------
7/15/2024, 9:40:43 AM
id 2 not found
-----------------------------------------
7/15/2024, 9:40:58 AM
id 2 not found
-----------------------------------------
7/15/2024, 9:41:29 AM
id 2 not found
-----------------------------------------
7/15/2024, 9:44:41 AM
Wanted vacation wan't found
-----------------------------------------
7/15/2024, 9:45:15 AM
You're not authorized!
-----------------------------------------
7/15/2024, 9:45:46 AM
Incorrect username or password.
-----------------------------------------
7/15/2024, 9:45:56 AM
You're not an admin!
-----------------------------------------
7/15/2024, 11:33:41 AM
Please login
-----------------------------------------
7/15/2024, 11:33:47 AM
Please login
-----------------------------------------
7/15/2024, 11:35:42 AM
Please login
-----------------------------------------
7/15/2024, 11:35:57 AM
Incorrect username or password.
-----------------------------------------
7/15/2024, 11:36:37 AM
Please login
-----------------------------------------
7/15/2024, 11:43:10 AM
Please login
-----------------------------------------
7/15/2024, 11:43:13 AM
Please login
-----------------------------------------
7/15/2024, 11:43:18 AM
Please login
-----------------------------------------
7/15/2024, 11:43:18 AM
Please login
-----------------------------------------
7/15/2024, 11:43:19 AM
Please login
-----------------------------------------
7/15/2024, 11:43:20 AM
Please login
-----------------------------------------
7/15/2024, 11:43:20 AM
Please login
-----------------------------------------
7/15/2024, 11:43:21 AM
Please login
-----------------------------------------
7/15/2024, 11:43:22 AM
Please login
-----------------------------------------
7/15/2024, 11:43:23 AM
Please login
-----------------------------------------
7/15/2024, 11:43:23 AM
Please login
-----------------------------------------
7/15/2024, 11:43:42 AM
Please login
-----------------------------------------
7/15/2024, 11:44:13 AM
Please login
-----------------------------------------
7/15/2024, 11:44:23 AM
Please login
-----------------------------------------
7/15/2024, 11:48:12 AM
Please login
-----------------------------------------
7/15/2024, 11:50:50 AM
Wanted vacation wasn't found
-----------------------------------------
